<?xml version="1.0" encoding="UTF-8"?>
<!-- Generated by org.testng.reporters.JUnitXMLReporter -->
<testsuite hostname="INBLN296" ignored="0" name="Test1" tests="5" failures="0" timestamp="22 Jul 2021 01:13:31 GMT" time="39.133" errors="0">
  <testcase name="login" time="5.57" classname="org.tst.excel.TestNGSample"/>
  <testcase name="test1" time="6.821" classname="org.tst.excel.TestNGSample"/>
  <testcase name="test2" time="5.833" classname="org.tst.excel.TestNGSample"/>
  <testcase name="test3" time="4.555" classname="org.tst.excel.TestNGSample"/>
  <testcase name="test4" time="4.167" classname="org.tst.excel.TestNGSample"/>
</testsuite> <!-- Test1 -->
