<?xml version="1.0" encoding="UTF-8"?>
<!-- Generated by org.testng.reporters.JUnitXMLReporter -->
<testsuite hostname="INBLN296" ignored="0" name="Test" tests="1" failures="1" timestamp="23 Jul 2021 15:50:47 GMT" time="33.142" errors="0">
  <testcase name="bookinginfo" time="33.078" classname="org.tst.excel.Booking">
    <failure type="java.lang.NullPointerException">
      <![CDATA[java.lang.NullPointerException
at org.tst.excel.BookingLastPOM.bookingLast(BookingLastPOM.java:20)
at org.tst.excel.Booking.bookinginfo(Booking.java:37)
... Removed 25 stack frames]]>
    </failure>
  </testcase> <!-- bookinginfo -->
</testsuite> <!-- Test -->
